0 info it worked if it ends with ok
1 verbose cli [ '/usr/local/Cellar/node/5.6.0/bin/node',
1 verbose cli   '/Users/david/.npm-packages/bin/npm',
1 verbose cli   'run',
1 verbose cli   'dev' ]
2 info using npm@3.7.3
3 info using node@v5.6.0
4 verbose run-script [ 'predev', 'dev', 'postdev' ]
5 info lifecycle TableTennis@1.0.0~predev: TableTennis@1.0.0
6 silly lifecycle TableTennis@1.0.0~predev: no script for predev, continuing
7 info lifecycle TableTennis@1.0.0~dev: TableTennis@1.0.0
8 verbose lifecycle TableTennis@1.0.0~dev: unsafe-perm in lifecycle true
9 verbose lifecycle TableTennis@1.0.0~dev: PATH: /Users/david/.npm-packages/lib/node_modules/npm/bin/node-gyp-bin:/Users/david/Desktop/Personal/Code/TableTennis/node_modules/.bin:/usr/local/Cellar/node/5.6.0/bin:/Users/david/.npm-packages/bin:/Users/david/dev/fs/bin:/Users/david/.rvm/gems/ruby-2.0.0-p247/bin:/Users/david/.rvm/gems/ruby-2.0.0-p247@global/bin:/Users/david/.rvm/rubies/ruby-2.0.0-p247/bin:/usr/local/bin:/usr/bin:/bin:/usr/sbin:/sbin:/opt/X11/bin:/Users/david/.rvm/bin:/Users/david/.rvm/bin:/usr/local/Cellar/maven32/3.2.5/libexec/bin
10 verbose lifecycle TableTennis@1.0.0~dev: CWD: /Users/david/Desktop/Personal/Code/TableTennis
11 silly lifecycle TableTennis@1.0.0~dev: Args: [ '-c',
11 silly lifecycle   'node node_modules/webpack-dev-server/bin/webpack-dev-server.js --progress --colors --open -d --port 3001 --hot --inline' ]
12 silly lifecycle TableTennis@1.0.0~dev: Returned: code: 1  signal: null
13 info lifecycle TableTennis@1.0.0~dev: Failed to exec dev script
14 verbose stack Error: TableTennis@1.0.0 dev: `node node_modules/webpack-dev-server/bin/webpack-dev-server.js --progress --colors --open -d --port 3001 --hot --inline`
14 verbose stack Exit status 1
14 verbose stack     at EventEmitter.<anonymous> (/Users/david/.npm-packages/lib/node_modules/npm/lib/utils/lifecycle.js:239:16)
14 verbose stack     at emitTwo (events.js:100:13)
14 verbose stack     at EventEmitter.emit (events.js:185:7)
14 verbose stack     at ChildProcess.<anonymous> (/Users/david/.npm-packages/lib/node_modules/npm/lib/utils/spawn.js:24:14)
14 verbose stack     at emitTwo (events.js:100:13)
14 verbose stack     at ChildProcess.emit (events.js:185:7)
14 verbose stack     at maybeClose (internal/child_process.js:827:16)
14 verbose stack     at Process.ChildProcess._handle.onexit (internal/child_process.js:211:5)
15 verbose pkgid TableTennis@1.0.0
16 verbose cwd /Users/david/Desktop/Personal/Code/TableTennis
17 error Darwin 14.5.0
18 error argv "/usr/local/Cellar/node/5.6.0/bin/node" "/Users/david/.npm-packages/bin/npm" "run" "dev"
19 error node v5.6.0
20 error npm  v3.7.3
21 error code ELIFECYCLE
22 error TableTennis@1.0.0 dev: `node node_modules/webpack-dev-server/bin/webpack-dev-server.js --progress --colors --open -d --port 3001 --hot --inline`
22 error Exit status 1
23 error Failed at the TableTennis@1.0.0 dev script 'node node_modules/webpack-dev-server/bin/webpack-dev-server.js --progress --colors --open -d --port 3001 --hot --inline'.
23 error Make sure you have the latest version of node.js and npm installed.
23 error If you do, this is most likely a problem with the TableTennis package,
23 error not with npm itself.
23 error Tell the author that this fails on your system:
23 error     node node_modules/webpack-dev-server/bin/webpack-dev-server.js --progress --colors --open -d --port 3001 --hot --inline
23 error You can get information on how to open an issue for this project with:
23 error     npm bugs TableTennis
23 error Or if that isn't available, you can get their info via:
23 error     npm owner ls TableTennis
23 error There is likely additional logging output above.
24 verbose exit [ 1, true ]
